#
# There is insufficient memory for the Java Runtime Environment to continue.
# Native memory allocation (malloc) failed to allocate 1790256 bytes for Chunk::new
# Possible reasons:
#   The system is out of physical RAM or swap space
#   The process is running with CompressedOops enabled, and the Java Heap may be blocking the growth of the native heap
# Possible solutions:
#   Reduce memory load on the system
#   Increase physical memory or swap space
#   Check if swap backing store is full
#   Decrease Java heap size (-Xmx/-Xms)
#   Decrease number of Java threads
#   Decrease Java thread stack sizes (-Xss)
#   Set larger code cache with -XX:ReservedCodeCacheSize=
#   JVM is running with Unscaled Compressed Oops mode in which the Java heap is
#     placed in the first 4GB address space. The Java Heap base address is the
#     maximum limit for the native heap growth. Please use -XX:HeapBaseMinAddress
#     to set the Java Heap base and to place the Java Heap above 4GB virtual address.
# This output file may be truncated or incomplete.
#
#  Out of Memory Error (allocation.cpp:389), pid=10164, tid=0x00000000000038e8
#
# JRE version: Java(TM) SE Runtime Environment (8.0_261-b12) (build 1.8.0_261-b12)
# Java VM: Java HotSpot(TM) 64-Bit Server VM (25.261-b12 mixed mode windows-amd64 compressed oops)
# Failed to write core dump. Minidumps are not enabled by default on client versions of Windows
#

---------------  T H R E A D  ---------------

Current thread (0x000001a1a176d800):  JavaThread "C2 CompilerThread0" daemon [_thread_in_native, id=14568, stack(0x0000000179200000,0x0000000179300000)]

Stack: [0x0000000179200000,0x0000000179300000]
Native frames: (J=compiled Java code, j=interpreted, Vv=VM code, C=native code)
V  [jvm.dll+0x33e5f9]
V  [jvm.dll+0x2850e2]
V  [jvm.dll+0x285d8d]
V  [jvm.dll+0x27c895]
V  [jvm.dll+0xe4d6c]
V  [jvm.dll+0xe556c]
V  [jvm.dll+0x461812]
V  [jvm.dll+0x49cc3d]
V  [jvm.dll+0x4518c1]
V  [jvm.dll+0x44eb84]
V  [jvm.dll+0x439bc7]
V  [jvm.dll+0xbbbcb]
V  [jvm.dll+0xba22b]
V  [jvm.dll+0x24d962]
V  [jvm.dll+0x2a1cfc]
C  [ucrtbase.dll+0x214c2]
C  [KERNEL32.DLL+0x17034]
C  [ntdll.dll+0x4cec1]


Current CompileTask:
C2:   5598 2611       4       groovy.lang.MetaClassImpl$1MOPIter::methodNameAction (325 bytes)


---------------  P R O C E S S  ---------------

Java Threads: ( => current thread )
  0x000001a1a5a29000 JavaThread "Cache worker for file content cache (C:\Users\alex\.gradle\caches\6.5\fileContent)" [_thread_blocked, id=16892, stack(0x000000017ae00000,0x000000017af00000)]
  0x000001a1a5a28000 JavaThread "jar transforms" [_thread_blocked, id=7392, stack(0x000000017ad00000,0x000000017ae00000)]
  0x000001a1a5a26800 JavaThread "Cache worker for execution history cache (C:\Users\alex\.gradle\caches\6.5\executionHistory)" [_thread_blocked, id=7516, stack(0x000000017ac00000,0x000000017ad00000)]
  0x000001a1a5a23000 JavaThread "Cache worker for cache directory md-rule (C:\Users\alex\.gradle\caches\6.5\md-rule)" [_thread_blocked, id=14860, stack(0x000000017ab00000,0x000000017ac00000)]
  0x000001a1a5a27800 JavaThread "Cache worker for cache directory md-supplier (C:\Users\alex\.gradle\caches\6.5\md-supplier)" [_thread_blocked, id=16056, stack(0x000000017aa00000,0x000000017ab00000)]
  0x000001a1a5a25000 JavaThread "Cache worker for checksums cache (F:\AndriodProject\HelloAndroid\.gradle\checksums)" [_thread_blocked, id=3272, stack(0x000000017a900000,0x000000017aa00000)]
  0x000001a1a5a26000 JavaThread "Cache worker for file hash cache (F:\AndriodProject\HelloAndroid\.gradle\6.5\fileHashes)" [_thread_blocked, id=16224, stack(0x000000017a800000,0x000000017a900000)]
  0x000001a1a5a22000 JavaThread "Cache worker for file hash cache (C:\Users\alex\.gradle\caches\6.5\fileHashes)" [_thread_blocked, id=14356, stack(0x000000017a700000,0x000000017a800000)]
  0x000001a1a5a24800 JavaThread "File lock request listener" [_thread_in_native, id=15352, stack(0x000000017a600000,0x000000017a700000)]
  0x000001a1a5a23800 JavaThread "Cache worker for journal cache (C:\Users\alex\.gradle\caches\journal-1)" [_thread_blocked, id=4592, stack(0x000000017a500000,0x000000017a600000)]
  0x000001a1a599c000 JavaThread "Thread-9" [_thread_blocked, id=9908, stack(0x000000017a400000,0x000000017a500000)]
  0x000001a1a59bc000 JavaThread "Stdin handler" [_thread_blocked, id=3824, stack(0x000000017a300000,0x000000017a400000)]
  0x000001a1a59c3000 JavaThread "Asynchronous log dispatcher for DefaultDaemonConnection: socket connection from /127.0.0.1:2439 to /127.0.0.1:2440" [_thread_blocked, id=17920, stack(0x000000017a200000,0x000000017a300000)]
  0x000001a1a59bf800 JavaThread "Daemon worker" [_thread_in_native, id=14280, stack(0x000000017a100000,0x000000017a200000)]
  0x000001a1a59bd800 JavaThread "Cancel handler" [_thread_blocked, id=3064, stack(0x000000017a000000,0x000000017a100000)]
  0x000001a1a59de800 JavaThread "Handler for socket connection from /127.0.0.1:2439 to /127.0.0.1:2440" [_thread_in_native, id=15768, stack(0x0000000179f00000,0x000000017a000000)]
  0x000001a1a5997800 JavaThread "Daemon" [_thread_blocked, id=4840, stack(0x0000000179e00000,0x0000000179f00000)]
  0x000001a1a597b000 JavaThread "Daemon periodic checks" [_thread_blocked, id=13248, stack(0x0000000179d00000,0x0000000179e00000)]
  0x000001a1a5971800 JavaThread "Incoming local TCP Connector on port 2439" [_thread_in_native, id=8844, stack(0x0000000179c00000,0x0000000179d00000)]
  0x000001a1a505b800 JavaThread "Daemon health stats" [_thread_blocked, id=14532, stack(0x0000000179900000,0x0000000179a00000)]
  0x000001a1a3541000 JavaThread "Service Thread" daemon [_thread_blocked, id=8120, stack(0x0000000179600000,0x0000000179700000)]
  0x000001a1a178c000 JavaThread "C1 CompilerThread3" daemon [_thread_blocked, id=15672, stack(0x0000000179500000,0x0000000179600000)]
  0x000001a1a1787000 JavaThread "C2 CompilerThread2" daemon [_thread_blocked, id=12840, stack(0x0000000179400000,0x0000000179500000)]
  0x000001a1a1770000 JavaThread "C2 CompilerThread1" daemon [_thread_in_native, id=2432, stack(0x0000000179300000,0x0000000179400000)]
=>0x000001a1a176d800 JavaThread "C2 CompilerThread0" daemon [_thread_in_native, id=14568, stack(0x0000000179200000,0x0000000179300000)]
  0x000001a1a1717800 JavaThread "Attach Listener" daemon [_thread_blocked, id=3008, stack(0x0000000179100000,0x0000000179200000)]
  0x000001a1a1716800 JavaThread "Signal Dispatcher" daemon [_thread_blocked, id=15060, stack(0x0000000179000000,0x0000000179100000)]
  0x000001a1a16e7000 JavaThread "Finalizer" daemon [_thread_blocked, id=15556, stack(0x0000000178f00000,0x0000000179000000)]
  0x000001a1a16df800 JavaThread "Reference Handler" daemon [_thread_blocked, id=8068, stack(0x0000000178e00000,0x0000000178f00000)]
  0x000001a18ec7a000 JavaThread "main" [_thread_blocked, id=14580, stack(0x0000000178400000,0x0000000178500000)]

Other Threads:
  0x000001a1a16b9800 VMThread [stack: 0x0000000178d00000,0x0000000178e00000] [id=13636]
  0x000001a1a355b800 WatcherThread [stack: 0x0000000179700000,0x0000000179800000] [id=13960]

VM state:not at safepoint (normal execution)

VM Mutex/Monitor currently owned by a thread: None

heap address: 0x00000000e0000000, size: 512 MB, Compressed Oops mode: 32-bit
Narrow klass base: 0x0000000000000000, Narrow klass shift: 3
Compressed class space size: 1073741824 Address: 0x0000000100000000

Heap:
 PSYoungGen      total 103424K, used 34057K [0x00000000f5580000, 0x00000000fe100000, 0x0000000100000000)
  eden space 91648K, 37% used [0x00000000f5580000,0x00000000f76c24f0,0x00000000faf00000)
  from space 11776K, 0% used [0x00000000faf00000,0x00000000faf00000,0x00000000fba80000)
  to   space 11776K, 0% used [0x00000000fd580000,0x00000000fd580000,0x00000000fe100000)
 ParOldGen       total 96256K, used 14887K [0x00000000e0000000, 0x00000000e5e00000, 0x00000000f5580000)
  object space 96256K, 15% used [0x00000000e0000000,0x00000000e0e89eb8,0x00000000e5e00000)
 Metaspace       used 35804K, capacity 37076K, committed 37376K, reserved 1083392K
  class space    used 5021K, capacity 5301K, committed 5376K, reserved 1048576K

Card table byte_map: [0x000001a19fa80000,0x000001a19fb90000] byte_map_base: 0x000001a19f380000

Marking Bits: (ParMarkBitMap*) 0x0000000062374fb0
 Begin Bits: [0x000001a19fb90000, 0x000001a1a0390000)
 End Bits:   [0x000001a1a0390000, 0x000001a1a0b90000)

Polling page: 0x000001a18ee20000

CodeCache: size=245760Kb used=11350Kb max_used=11350Kb free=234409Kb
 bounds [0x000001a1906c0000, 0x000001a1911e0000, 0x000001a19f6c0000]
 total_blobs=3839 nmethods=3138 adapters=613
 compilation: enabled

Compilation events (10 events):
Event: 5.445 Thread 0x000001a1a178c000 nmethod 2911 0x000001a191174850 code [0x000001a1911749a0, 0x000001a191174ab8]
Event: 5.447 Thread 0x000001a1a178c000 2912       3       com.esotericsoftware.kryo.io.Output::require (209 bytes)
Event: 5.448 Thread 0x000001a1a178c000 nmethod 2912 0x000001a191174b10 code [0x000001a191174dc0, 0x000001a191175e20]
Event: 5.456 Thread 0x000001a1a178c000 2914       3       org.gradle.internal.component.external.model.DefaultModuleComponentIdentifier::getModule (10 bytes)
Event: 5.457 Thread 0x000001a1a178c000 nmethod 2914 0x000001a191176450 code [0x000001a1911765c0, 0x000001a191176778]
Event: 5.457 Thread 0x000001a1a178c000 2915       1       org.gradle.cache.internal.DefaultCacheFactory$DirCacheReference::access$600 (5 bytes)
Event: 5.457 Thread 0x000001a1a178c000 nmethod 2915 0x000001a191176850 code [0x000001a1911769a0, 0x000001a191176a98]
Event: 5.458 Thread 0x000001a1a178c000 2916       3       org.gradle.api.internal.artifacts.ivyservice.resolveengine.result.DesugaredAttributeContainerSerializer::read (155 bytes)
Event: 5.460 Thread 0x000001a1a178c000 nmethod 2916 0x000001a191176b10 code [0x000001a191176de0, 0x000001a1911780c0]
Event: 5.460 Thread 0x000001a1a178c000 2917       3       org.gradle.api.internal.artifacts.ivyservice.modulecache.ModuleMetadataSerializer$Reader::readBoolean (10 bytes)

GC Heap History (10 events):
Event: 2.587 GC heap before
{Heap before GC invocations=7 (full 1):
 PSYoungGen      total 76288K, used 8228K [0x00000000f5580000, 0x00000000fab80000, 0x0000000100000000)
  eden space 66048K, 0% used [0x00000000f5580000,0x00000000f5580000,0x00000000f9600000)
  from space 10240K, 80% used [0x00000000fa080000,0x00000000fa889368,0x00000000faa80000)
  to   space 10752K, 0% used [0x00000000f9600000,0x00000000f9600000,0x00000000fa080000)
 ParOldGen       total 87552K, used 7656K [0x00000000e0000000, 0x00000000e5580000, 0x00000000f5580000)
  object space 87552K, 8% used [0x00000000e0000000,0x00000000e077a050,0x00000000e5580000)
 Metaspace       used 20516K, capacity 21202K, committed 21296K, reserved 1067008K
  class space    used 2926K, capacity 3111K, committed 3200K, reserved 1048576K
Event: 2.645 GC heap after
Heap after GC invocations=7 (full 1):
 PSYoungGen      total 76288K, used 0K [0x00000000f5580000, 0x00000000fab80000, 0x0000000100000000)
  eden space 66048K, 0% used [0x00000000f5580000,0x00000000f5580000,0x00000000f9600000)
  from space 10240K, 0% used [0x00000000fa080000,0x00000000fa080000,0x00000000faa80000)
  to   space 10752K, 0% used [0x00000000f9600000,0x00000000f9600000,0x00000000fa080000)
 ParOldGen       total 65024K, used 9000K [0x00000000e0000000, 0x00000000e3f80000, 0x00000000f5580000)
  object space 65024K, 13% used [0x00000000e0000000,0x00000000e08ca380,0x00000000e3f80000)
 Metaspace       used 20516K, capacity 21202K, committed 21296K, reserved 1067008K
  class space    used 2926K, capacity 3111K, committed 3200K, reserved 1048576K
}
Event: 3.946 GC heap before
{Heap before GC invocations=8 (full 1):
 PSYoungGen      total 76288K, used 66048K [0x00000000f5580000, 0x00000000fab80000, 0x0000000100000000)
  eden space 66048K, 100% used [0x00000000f5580000,0x00000000f9600000,0x00000000f9600000)
  from space 10240K, 0% used [0x00000000fa080000,0x00000000fa080000,0x00000000faa80000)
  to   space 10752K, 0% used [0x00000000f9600000,0x00000000f9600000,0x00000000fa080000)
 ParOldGen       total 65024K, used 9000K [0x00000000e0000000, 0x00000000e3f80000, 0x00000000f5580000)
  object space 65024K, 13% used [0x00000000e0000000,0x00000000e08ca380,0x00000000e3f80000)
 Metaspace       used 28093K, capacity 28892K, committed 29056K, reserved 1075200K
  class space    used 3950K, capacity 4162K, committed 4224K, reserved 1048576K
Event: 3.953 GC heap after
Heap after GC invocations=8 (full 1):
 PSYoungGen      total 76800K, used 7949K [0x00000000f5580000, 0x00000000fc500000, 0x0000000100000000)
  eden space 66048K, 0% used [0x00000000f5580000,0x00000000f5580000,0x00000000f9600000)
  from space 10752K, 73% used [0x00000000f9600000,0x00000000f9dc3708,0x00000000fa080000)
  to   space 10752K, 0% used [0x00000000fba80000,0x00000000fba80000,0x00000000fc500000)
 ParOldGen       total 65024K, used 9008K [0x00000000e0000000, 0x00000000e3f80000, 0x00000000f5580000)
  object space 65024K, 13% used [0x00000000e0000000,0x00000000e08cc380,0x00000000e3f80000)
 Metaspace       used 28093K, capacity 28892K, committed 29056K, reserved 1075200K
  class space    used 3950K, capacity 4162K, committed 4224K, reserved 1048576K
}
Event: 4.868 GC heap before
{Heap before GC invocations=9 (full 1):
 PSYoungGen      total 76800K, used 73997K [0x00000000f5580000, 0x00000000fc500000, 0x0000000100000000)
  eden space 66048K, 100% used [0x00000000f5580000,0x00000000f9600000,0x00000000f9600000)
  from space 10752K, 73% used [0x00000000f9600000,0x00000000f9dc3708,0x00000000fa080000)
  to   space 10752K, 0% used [0x00000000fba80000,0x00000000fba80000,0x00000000fc500000)
 ParOldGen       total 65024K, used 9008K [0x00000000e0000000, 0x00000000e3f80000, 0x00000000f5580000)
  object space 65024K, 13% used [0x00000000e0000000,0x00000000e08cc380,0x00000000e3f80000)
 Metaspace       used 32840K, capacity 33950K, committed 34048K, reserved 1079296K
  class space    used 4574K, capacity 4819K, committed 4864K, reserved 1048576K
Event: 4.877 GC heap after
Heap after GC invocations=9 (full 1):
 PSYoungGen      total 102400K, used 9599K [0x00000000f5580000, 0x00000000fc600000, 0x0000000100000000)
  eden space 91648K, 0% used [0x00000000f5580000,0x00000000f5580000,0x00000000faf00000)
  from space 10752K, 89% used [0x00000000fba80000,0x00000000fc3dfd90,0x00000000fc500000)
  to   space 11776K, 0% used [0x00000000faf00000,0x00000000faf00000,0x00000000fba80000)
 ParOldGen       total 65024K, used 9016K [0x00000000e0000000, 0x00000000e3f80000, 0x00000000f5580000)
  object space 65024K, 13% used [0x00000000e0000000,0x00000000e08ce380,0x00000000e3f80000)
 Metaspace       used 32840K, capacity 33950K, committed 34048K, reserved 1079296K
  class space    used 4574K, capacity 4819K, committed 4864K, reserved 1048576K
}
Event: 5.109 GC heap before
{Heap before GC invocations=10 (full 1):
 PSYoungGen      total 102400K, used 39179K [0x00000000f5580000, 0x00000000fc600000, 0x0000000100000000)
  eden space 91648K, 32% used [0x00000000f5580000,0x00000000f7263060,0x00000000faf00000)
  from space 10752K, 89% used [0x00000000fba80000,0x00000000fc3dfd90,0x00000000fc500000)
  to   space 11776K, 0% used [0x00000000faf00000,0x00000000faf00000,0x00000000fba80000)
 ParOldGen       total 65024K, used 9016K [0x00000000e0000000, 0x00000000e3f80000, 0x00000000f5580000)
  object space 65024K, 13% used [0x00000000e0000000,0x00000000e08ce380,0x00000000e3f80000)
 Metaspace       used 34234K, capacity 35432K, committed 35496K, reserved 1079296K
  class space    used 4800K, capacity 5069K, committed 5120K, reserved 1048576K
Event: 5.120 GC heap after
Heap after GC invocations=10 (full 1):
 PSYoungGen      total 103424K, used 8266K [0x00000000f5580000, 0x00000000fe100000, 0x0000000100000000)
  eden space 91648K, 0% used [0x00000000f5580000,0x00000000f5580000,0x00000000faf00000)
  from space 11776K, 70% used [0x00000000faf00000,0x00000000fb712a88,0x00000000fba80000)
  to   space 11776K, 0% used [0x00000000fd580000,0x00000000fd580000,0x00000000fe100000)
 ParOldGen       total 65024K, used 9024K [0x00000000e0000000, 0x00000000e3f80000, 0x00000000f5580000)
  object space 65024K, 13% used [0x00000000e0000000,0x00000000e08d0380,0x00000000e3f80000)
 Metaspace       used 34234K, capacity 35432K, committed 35496K, reserved 1079296K
  class space    used 4800K, capacity 5069K, committed 5120K, reserved 1048576K
}
Event: 5.120 GC heap before
{Heap before GC invocations=11 (full 2):
 PSYoungGen      total 103424K, used 8266K [0x00000000f5580000, 0x00000000fe100000, 0x0000000100000000)
  eden space 91648K, 0% used [0x00000000f5580000,0x00000000f5580000,0x00000000faf00000)
  from space 11776K, 70% used [0x00000000faf00000,0x00000000fb712a88,0x00000000fba80000)
  to   space 11776K, 0% used [0x00000000fd580000,0x00000000fd580000,0x00000000fe100000)
 ParOldGen       total 65024K, used 9024K [0x00000000e0000000, 0x00000000e3f80000, 0x00000000f5580000)
  object space 65024K, 13% used [0x00000000e0000000,0x00000000e08d0380,0x00000000e3f80000)
 Metaspace       used 34234K, capacity 35432K, committed 35496K, reserved 1079296K
  class space    used 4800K, capacity 5069K, committed 5120K, reserved 1048576K
Event: 5.171 GC heap after
Heap after GC invocations=11 (full 2):
 PSYoungGen      total 103424K, used 0K [0x00000000f5580000, 0x00000000fe100000, 0x0000000100000000)
  eden space 91648K, 0% used [0x00000000f5580000,0x00000000f5580000,0x00000000faf00000)
  from space 11776K, 0% used [0x00000000faf00000,0x00000000faf00000,0x00000000fba80000)
  to   space 11776K, 0% used [0x00000000fd580000,0x00000000fd580000,0x00000000fe100000)
 ParOldGen       total 96256K, used 14887K [0x00000000e0000000, 0x00000000e5e00000, 0x00000000f5580000)
  object space 96256K, 15% used [0x00000000e0000000,0x00000000e0e89eb8,0x00000000e5e00000)
 Metaspace       used 34234K, capacity 35432K, committed 35496K, reserved 1079296K
  class space    used 4800K, capacity 5069K, committed 5120K, reserved 1048576K
}

Deoptimization events (10 events):
Event: 3.125 Thread 0x000001a1a59bf800 Uncommon trap: reason=unstable_if action=reinterpret pc=0x000001a190c16880 method=java.util.HashMap.putVal(ILjava/lang/Object;Ljava/lang/Object;ZZ)Ljava/lang/Object; @ 162
Event: 4.093 Thread 0x000001a1a59bf800 Uncommon trap: reason=unstable_if action=reinterpret pc=0x000001a190cdea68 method=java.net.URLClassLoader.defineClass(Ljava/lang/String;Lsun/misc/Resource;)Ljava/lang/Class; @ 21
Event: 4.094 Thread 0x000001a1a59bf800 Uncommon trap: reason=unstable_if action=reinterpret pc=0x000001a190bca258 method=java.lang.ClassLoader.getClassLoadingLock(Ljava/lang/String;)Ljava/lang/Object; @ 6
Event: 4.394 Thread 0x000001a1a59bf800 Uncommon trap: reason=unstable_if action=reinterpret pc=0x000001a190c8f004 method=java.util.HashMap.getNode(ILjava/lang/Object;)Ljava/util/HashMap$Node; @ 53
Event: 4.710 Thread 0x000001a1a59bf800 Uncommon trap: reason=unstable_if action=reinterpret pc=0x000001a190fdc690 method=org.gradle.internal.reflect.PropertyAccessorType.isGetGetterName(Ljava/lang/String;)Z @ 14
Event: 4.728 Thread 0x000001a1a59bf800 Uncommon trap: reason=unstable_if action=reinterpret pc=0x000001a190daf548 method=org.objectweb.asm.ByteVector.putShort(I)Lorg/objectweb/asm/ByteVector; @ 13
Event: 4.798 Thread 0x000001a1a59bf800 Uncommon trap: reason=unstable_if action=reinterpret pc=0x000001a190cbf998 method=java.net.URLClassLoader.defineClass(Ljava/lang/String;Lsun/misc/Resource;)Ljava/lang/Class; @ 21
Event: 4.848 Thread 0x000001a1a59bf800 Uncommon trap: reason=unstable_if action=reinterpret pc=0x000001a191083e98 method=org.codehaus.groovy.runtime.metaclass.MetaMethodIndex.addMethodToList(Ljava/lang/Object;Lgroovy/lang/MetaMethod;)Ljava/lang/Object; @ 226
Event: 4.863 Thread 0x000001a1a59bf800 Uncommon trap: reason=class_check action=maybe_recompile pc=0x000001a190e2f674 method=java.util.WeakHashMap.eq(Ljava/lang/Object;Ljava/lang/Object;)Z @ 7
Event: 4.907 Thread 0x000001a1a59bf800 Uncommon trap: reason=range_check action=make_not_entrant pc=0x000001a191028164 method=java.lang.String.charAt(I)C @ 27

Classes redefined (0 events):
No events

Internal exceptions (10 events):
Event: 4.882 Thread 0x000001a1a59bf800 Exception <a 'java/lang/ClassNotFoundException': org/gradle/api/internal/artifacts/dsl/DefaultRepositoryHandler_DecoratedCustomizer> (0x00000000f566bed0) thrown at [C:\jenkins\workspace\8-2-build-windows-amd64-cygwin\jdk8u261\295\hotspot\src\share\vm\clas
Event: 5.002 Thread 0x000001a1a59bf800 Exception <a 'java/lang/ClassNotFoundException': org/gradle/api/internal/artifacts/dsl/dependencies/DefaultDependencyHandler_DecoratedBeanInfo> (0x00000000f64e7360) thrown at [C:\jenkins\workspace\8-2-build-windows-amd64-cygwin\jdk8u261\295\hotspot\src\sh
Event: 5.003 Thread 0x000001a1a59bf800 Exception <a 'java/lang/ClassNotFoundException': org/gradle/api/internal/artifacts/dsl/dependencies/DefaultDependencyHandlerBeanInfo> (0x00000000f653fca0) thrown at [C:\jenkins\workspace\8-2-build-windows-amd64-cygwin\jdk8u261\295\hotspot\src\share\vm\cla
Event: 5.004 Thread 0x000001a1a59bf800 Exception <a 'java/lang/ClassNotFoundException': org/gradle/api/internal/artifacts/dsl/dependencies/DefaultDependencyHandlerCustomizer> (0x00000000f65d9a58) thrown at [C:\jenkins\workspace\8-2-build-windows-amd64-cygwin\jdk8u261\295\hotspot\src\share\vm\c
Event: 5.006 Thread 0x000001a1a59bf800 Exception <a 'java/lang/ClassNotFoundException': org/gradle/api/internal/artifacts/dsl/dependencies/DefaultDependencyHandler_DecoratedCustomizer> (0x00000000f6664778) thrown at [C:\jenkins\workspace\8-2-build-windows-amd64-cygwin\jdk8u261\295\hotspot\src\
Event: 5.071 Thread 0x000001a1a59bf800 Exception <a 'java/lang/NoSuchMethodError': java.lang.Object.lambda$static$0(Lorg/gradle/api/internal/artifacts/configurations/MutationValidator$MutationType;)V> (0x00000000f6d711d0) thrown at [C:\jenkins\workspace\8-2-build-windows-amd64-cygwin\jdk8u261\
Event: 5.248 Thread 0x000001a1a59bf800 Exception <a 'java/lang/NoSuchMethodError': java.lang.Object.lambda$static$0(Lorg/gradle/internal/component/model/DependencyMetadata;)Lorg/gradle/api/internal/artifacts/ivyservice/dependencysubstitution/DependencySubstitutionApplicator$SubstitutionResult;
Event: 5.289 Thread 0x000001a1a59bf800 Exception <a 'java/lang/IncompatibleClassChangeError': Found class java.lang.Object, but interface was expected> (0x00000000f642e078) thrown at [C:\jenkins\workspace\8-2-build-windows-amd64-cygwin\jdk8u261\295\hotspot\src\share\vm\interpreter\linkResolver
Event: 5.291 Thread 0x000001a1a59bf800 Exception <a 'java/lang/NoSuchMethodError': java.lang.Object.lambda$thenComparing$36697e65$1(Ljava/util/Comparator;Ljava/lang/Object;Ljava/lang/Object;)I> (0x00000000f6439b28) thrown at [C:\jenkins\workspace\8-2-build-windows-amd64-cygwin\jdk8u261\295\hot
Event: 5.374 Thread 0x000001a1a59bf800 Exception <a 'java/lang/NoSuchMethodError': java.lang.Object.lambda$static$0()Z> (0x00000000f6f5e5a8) thrown at [C:\jenkins\workspace\8-2-build-windows-amd64-cygwin\jdk8u261\295\hotspot\src\share\vm\interpreter\linkResolver.cpp, line 620]

Events (10 events):
Event: 5.379 loading class org/gradle/api/internal/artifacts/ivyservice/resolveengine/excludes/factories/Optimizations
Event: 5.379 loading class org/gradle/api/internal/artifacts/ivyservice/resolveengine/excludes/factories/Optimizations done
Event: 5.380 loading class org/gradle/internal/component/external/model/ConfigurationBoundExternalDependencyMetadata
Event: 5.380 loading class org/gradle/internal/component/external/model/ConfigurationBoundExternalDependencyMetadata done
Event: 5.401 loading class org/gradle/internal/component/external/descriptor/DefaultExclude
Event: 5.401 loading class org/gradle/internal/component/external/descriptor/DefaultExclude done
Event: 5.402 loading class org/gradle/internal/component/model/Exclude
Event: 5.402 loading class org/gradle/internal/component/model/Exclude done
Event: 5.406 Thread 0x000001a1a59bf800 DEOPT PACKING pc=0x000001a19089d54c sp=0x000000017a1f9f00
Event: 5.406 Thread 0x000001a1a59bf800 DEOPT UNPACKING pc=0x000001a190707898 sp=0x000000017a1f9d78 mode 0


Dynamic libraries:
0x00007ff74fd80000 - 0x00007ff74fdc7000 	D:\Program Files\Java\jdk1.8.0_261\bin\java.exe
0x00007ffc2f290000 - 0x00007ffc2f486000 	C:\WINDOWS\SYSTEM32\ntdll.dll
0x00007ffc2d720000 - 0x00007ffc2d7dd000 	C:\WINDOWS\System32\KERNEL32.DLL
0x00007ffc2ca60000 - 0x00007ffc2cd28000 	C:\WINDOWS\System32\KERNELBASE.dll
0x00007ffc2e830000 - 0x00007ffc2e8da000 	C:\WINDOWS\System32\ADVAPI32.dll
0x00007ffc2e440000 - 0x00007ffc2e4de000 	C:\WINDOWS\System32\msvcrt.dll
0x00007ffc2e970000 - 0x00007ffc2ea0b000 	C:\WINDOWS\System32\sechost.dll
0x00007ffc2e310000 - 0x00007ffc2e434000 	C:\WINDOWS\System32\RPCRT4.dll
0x00007ffc2d7e0000 - 0x00007ffc2d980000 	C:\WINDOWS\System32\USER32.dll
0x00007ffc2ca30000 - 0x00007ffc2ca52000 	C:\WINDOWS\System32\win32u.dll
0x00007ffc2d670000 - 0x00007ffc2d69a000 	C:\WINDOWS\System32\GDI32.dll
0x00007ffc2cd30000 - 0x00007ffc2ce39000 	C:\WINDOWS\System32\gdi32full.dll
0x00007ffc2cfd0000 - 0x00007ffc2d06d000 	C:\WINDOWS\System32\msvcp_win.dll
0x00007ffc2d0d0000 - 0x00007ffc2d1d0000 	C:\WINDOWS\System32\ucrtbase.dll
0x00007ffc0e000000 - 0x00007ffc0e29b000 	C:\WINDOWS\WinSxS\amd64_microsoft.windows.common-controls_6595b64144ccf1df_6.0.19041.488_none_ca04af081b815d21\COMCTL32.dll
0x00007ffc2e8e0000 - 0x00007ffc2e910000 	C:\WINDOWS\System32\IMM32.DLL
0x00007ffc25e50000 - 0x00007ffc25e65000 	D:\Program Files\Java\jdk1.8.0_261\jre\bin\vcruntime140.dll
0x00007ffc25420000 - 0x00007ffc254bb000 	D:\Program Files\Java\jdk1.8.0_261\jre\bin\msvcp140.dll
0x0000000061b80000 - 0x00000000623ec000 	D:\Program Files\Java\jdk1.8.0_261\jre\bin\server\jvm.dll
0x00007ffc2d300000 - 0x00007ffc2d308000 	C:\WINDOWS\System32\PSAPI.DLL
0x00007ffc28650000 - 0x00007ffc28659000 	C:\WINDOWS\SYSTEM32\WSOCK32.dll
0x00007ffc1d2e0000 - 0x00007ffc1d307000 	C:\WINDOWS\SYSTEM32\WINMM.dll
0x00007ffc1f530000 - 0x00007ffc1f53a000 	C:\WINDOWS\SYSTEM32\VERSION.dll
0x00007ffc2e4f0000 - 0x00007ffc2e55b000 	C:\WINDOWS\System32\WS2_32.dll
0x00007ffc2a930000 - 0x00007ffc2a942000 	C:\WINDOWS\SYSTEM32\kernel.appcore.dll
0x00007ffc277f0000 - 0x00007ffc27800000 	D:\Program Files\Java\jdk1.8.0_261\jre\bin\verify.dll
0x00007ffc25dc0000 - 0x00007ffc25deb000 	D:\Program Files\Java\jdk1.8.0_261\jre\bin\java.dll
0x00007ffc25600000 - 0x00007ffc25618000 	D:\Program Files\Java\jdk1.8.0_261\jre\bin\zip.dll
0x00007ffc2dbd0000 - 0x00007ffc2e310000 	C:\WINDOWS\System32\SHELL32.dll
0x00007ffc2ab30000 - 0x00007ffc2b2c4000 	C:\WINDOWS\SYSTEM32\windows.storage.dll
0x00007ffc2d310000 - 0x00007ffc2d665000 	C:\WINDOWS\System32\combase.dll
0x00007ffc2c450000 - 0x00007ffc2c47c000 	C:\WINDOWS\SYSTEM32\Wldp.dll
0x00007ffc2db20000 - 0x00007ffc2dbce000 	C:\WINDOWS\System32\SHCORE.dll
0x00007ffc2ebc0000 - 0x00007ffc2ec15000 	C:\WINDOWS\System32\shlwapi.dll
0x00007ffc2c910000 - 0x00007ffc2c936000 	C:\WINDOWS\SYSTEM32\profapi.dll
0x00007ffc25510000 - 0x00007ffc2552c000 	D:\Program Files\Java\jdk1.8.0_261\jre\bin\net.dll
0x00007ffbfbf00000 - 0x00007ffbfbffa000 	C:\Windows\Netease\Booster\lsp64.dll
0x00007ffc2ce40000 - 0x00007ffc2cf9d000 	C:\WINDOWS\System32\CRYPT32.dll
0x00007ffc1b0a0000 - 0x00007ffc1b284000 	C:\WINDOWS\SYSTEM32\dbghelp.dll
0x00007ffc2be70000 - 0x00007ffc2beab000 	C:\WINDOWS\SYSTEM32\IPHLPAPI.DLL
0x00007ffc2c1d0000 - 0x00007ffc2c23a000 	C:\WINDOWS\system32\mswsock.dll
0x00007ffc2d070000 - 0x00007ffc2d0d0000 	C:\WINDOWS\System32\WINTRUST.DLL
0x00007ffc2c5d0000 - 0x00007ffc2c5e2000 	C:\WINDOWS\SYSTEM32\MSASN1.dll
0x00007ffc2e690000 - 0x00007ffc2e6ad000 	C:\WINDOWS\System32\imagehlp.dll
0x00007ffc2c3a0000 - 0x00007ffc2c3b8000 	C:\WINDOWS\SYSTEM32\CRYPTSP.dll
0x00007ffc2baf0000 - 0x00007ffc2bb24000 	C:\WINDOWS\system32\rsaenh.dll
0x00007ffc2cfa0000 - 0x00007ffc2cfc7000 	C:\WINDOWS\System32\bcrypt.dll
0x00007ffc2c3c0000 - 0x00007ffc2c3cc000 	C:\WINDOWS\SYSTEM32\CRYPTBASE.dll
0x00007ffc2d280000 - 0x00007ffc2d2ff000 	C:\WINDOWS\System32\bcryptPrimitives.dll
0x00007ffc254f0000 - 0x00007ffc25503000 	D:\Program Files\Java\jdk1.8.0_261\jre\bin\nio.dll
0x00007ffc21c20000 - 0x00007ffc21c47000 	C:\Users\alex\.gradle\native\f6784746aeab05261644944871eae4fe03e0ef1612fff0a4a95f87b438bc6780\windows-amd64\native-platform.dll
0x00007ffc25db0000 - 0x00007ffc25dbd000 	D:\Program Files\Java\jdk1.8.0_261\jre\bin\management.dll
0x00007ffc2c8d0000 - 0x00007ffc2c8fe000 	C:\WINDOWS\SYSTEM32\USERENV.dll
0x00007ffc2d980000 - 0x00007ffc2d989000 	C:\WINDOWS\System32\NSI.dll
0x00007ffc252f0000 - 0x00007ffc25307000 	C:\WINDOWS\SYSTEM32\dhcpcsvc6.DLL
0x00007ffc25270000 - 0x00007ffc2528d000 	C:\WINDOWS\SYSTEM32\dhcpcsvc.DLL
0x00007ffc2beb0000 - 0x00007ffc2bf7b000 	C:\WINDOWS\SYSTEM32\DNSAPI.dll
0x00007ffc25210000 - 0x00007ffc2521b000 	C:\WINDOWS\SYSTEM32\WINNSI.DLL

VM Arguments:
jvm_args: -Xmx512m -Dfile.encoding=UTF-8 -Duser.country=CN -Duser.language=zh -Duser.variant 
java_command: org.gradle.launcher.daemon.bootstrap.GradleDaemon 6.5
java_class_path (initial): C:\Users\alex\.gradle\wrapper\dists\gradle-6.5-bin\6nifqtx7604sqp1q6g8wikw7p\gradle-6.5\lib\gradle-launcher-6.5.jar
Launcher Type: SUN_STANDARD

Environment Variables:
JAVA_HOME=D:\Program Files\Java\jdk1.8.0_261
CLASSPATH=.;F:\alexjava;F:\apache-tomcat-9.0.38\lib\servlet-api.jar;
USERNAME=Kanfeer
OS=Windows_NT
PROCESSOR_IDENTIFIER=Intel64 Family 6 Model 158 Stepping 9, GenuineIntel



---------------  S Y S T E M  ---------------

OS: Windows 10.0 , 64 bit Build 19041 (10.0.19041.546)

CPU:total 8 (initial active 8) (4 cores per cpu, 2 threads per core) family 6 model 158 stepping 9, cmov, cx8, fxsr, mmx, sse, sse2, sse3, ssse3, sse4.1, sse4.2, popcnt, avx, avx2, aes, clmul, erms, 3dnowpref, lzcnt, ht, tsc, tscinvbit, bmi1, bmi2, adx

Memory: 4k page, physical 8270004k(1901156k free), swap 8270004k(288k free)

vm_info: Java HotSpot(TM) 64-Bit Server VM (25.261-b12) for windows-amd64 JRE (1.8.0_261-b12), built on Jun 18 2020 06:56:32 by "" with unknown MS VC++:1916

time: Sun Oct 18 22:53:17 2020
timezone: 中国标准时间
elapsed time: 5 seconds (0d 0h 0m 5s)

