#
# There is insufficient memory for the Java Runtime Environment to continue.
# Native memory allocation (malloc) failed to allocate 1083376 bytes for Chunk::new
# Possible reasons:
#   The system is out of physical RAM or swap space
#   The process is running with CompressedOops enabled, and the Java Heap may be blocking the growth of the native heap
# Possible solutions:
#   Reduce memory load on the system
#   Increase physical memory or swap space
#   Check if swap backing store is full
#   Decrease Java heap size (-Xmx/-Xms)
#   Decrease number of Java threads
#   Decrease Java thread stack sizes (-Xss)
#   Set larger code cache with -XX:ReservedCodeCacheSize=
#   JVM is running with Unscaled Compressed Oops mode in which the Java heap is
#     placed in the first 4GB address space. The Java Heap base address is the
#     maximum limit for the native heap growth. Please use -XX:HeapBaseMinAddress
#     to set the Java Heap base and to place the Java Heap above 4GB virtual address.
# This output file may be truncated or incomplete.
#
#  Out of Memory Error (allocation.cpp:389), pid=11028, tid=0x000000000000373c
#
# JRE version: Java(TM) SE Runtime Environment (8.0_261-b12) (build 1.8.0_261-b12)
# Java VM: Java HotSpot(TM) 64-Bit Server VM (25.261-b12 mixed mode windows-amd64 compressed oops)
# Failed to write core dump. Minidumps are not enabled by default on client versions of Windows
#

---------------  T H R E A D  ---------------

Current thread (0x000001dff0977000):  JavaThread "C2 CompilerThread1" daemon [_thread_in_native, id=14140, stack(0x000000be9e500000,0x000000be9e600000)]

Stack: [0x000000be9e500000,0x000000be9e600000]
Native frames: (J=compiled Java code, j=interpreted, Vv=VM code, C=native code)
V  [jvm.dll+0x33e5f9]


Current CompileTask:
C2:   2704 1528   !   4       java.net.URLClassLoader$1::run (63 bytes)


---------------  P R O C E S S  ---------------

Java Threads: ( => current thread )
  0x000001dff2642800 JavaThread "Cache worker for file hash cache (C:\Users\alex\.gradle\caches\6.5\fileHashes)" [_thread_blocked, id=2424, stack(0x000000be9f900000,0x000000be9fa00000)]
  0x000001dff2643800 JavaThread "File lock request listener" [_thread_in_native, id=2432, stack(0x000000be9f800000,0x000000be9f900000)]
  0x000001dff2641000 JavaThread "Cache worker for journal cache (C:\Users\alex\.gradle\caches\journal-1)" [_thread_blocked, id=16988, stack(0x000000be9f700000,0x000000be9f800000)]
  0x000001dff4b69800 JavaThread "Thread-9" [_thread_blocked, id=18128, stack(0x000000be9f600000,0x000000be9f700000)]
  0x000001dff4b17000 JavaThread "Stdin handler" [_thread_blocked, id=7324, stack(0x000000be9f500000,0x000000be9f600000)]
  0x000001dff4b15800 JavaThread "Asynchronous log dispatcher for DefaultDaemonConnection: socket connection from /127.0.0.1:1941 to /127.0.0.1:1942" [_thread_blocked, id=4512, stack(0x000000be9f400000,0x000000be9f500000)]
  0x000001dff4b10800 JavaThread "Daemon worker" [_thread_in_vm, id=5724, stack(0x000000be9f300000,0x000000be9f400000)]
  0x000001dff4c41800 JavaThread "Cancel handler" [_thread_blocked, id=3752, stack(0x000000be9f200000,0x000000be9f300000)]
  0x000001dff4af8000 JavaThread "Handler for socket connection from /127.0.0.1:1941 to /127.0.0.1:1942" [_thread_in_native, id=16280, stack(0x000000be9f100000,0x000000be9f200000)]
  0x000001dff4adc000 JavaThread "Daemon" [_thread_blocked, id=6712, stack(0x000000be9f000000,0x000000be9f100000)]
  0x000001dff420d000 JavaThread "Daemon periodic checks" [_thread_blocked, id=1236, stack(0x000000be9ef00000,0x000000be9f000000)]
  0x000001dff4ad9800 JavaThread "Incoming local TCP Connector on port 1941" [_thread_in_native, id=2344, stack(0x000000be9ee00000,0x000000be9ef00000)]
  0x000001dff2a4f000 JavaThread "Daemon health stats" [_thread_blocked, id=2584, stack(0x000000be9eb00000,0x000000be9ec00000)]
  0x000001dff26bc800 JavaThread "Service Thread" daemon [_thread_blocked, id=2288, stack(0x000000be9e800000,0x000000be9e900000)]
  0x000001dff2640800 JavaThread "C1 CompilerThread3" daemon [_thread_blocked, id=14308, stack(0x000000be9e700000,0x000000be9e800000)]
  0x000001dff097b000 JavaThread "C2 CompilerThread2" daemon [_thread_in_native, id=12964, stack(0x000000be9e600000,0x000000be9e700000)]
=>0x000001dff0977000 JavaThread "C2 CompilerThread1" daemon [_thread_in_native, id=14140, stack(0x000000be9e500000,0x000000be9e600000)]
  0x000001dff0921800 JavaThread "C2 CompilerThread0" daemon [_thread_in_native, id=14588, stack(0x000000be9e400000,0x000000be9e500000)]
  0x000001dff0920800 JavaThread "Attach Listener" daemon [_thread_blocked, id=6220, stack(0x000000be9e300000,0x000000be9e400000)]
  0x000001dff0909000 JavaThread "Signal Dispatcher" daemon [_thread_blocked, id=10040, stack(0x000000be9e200000,0x000000be9e300000)]
  0x000001dff08f1800 JavaThread "Finalizer" daemon [_thread_blocked, id=2128, stack(0x000000be9e100000,0x000000be9e200000)]
  0x000001dff08de800 JavaThread "Reference Handler" daemon [_thread_blocked, id=13024, stack(0x000000be9e000000,0x000000be9e100000)]
  0x000001dfddd99800 JavaThread "main" [_thread_blocked, id=3820, stack(0x000000be9d600000,0x000000be9d700000)]

Other Threads:
  0x000001dff08b9000 VMThread [stack: 0x000000be9df00000,0x000000be9e000000] [id=10316]
  0x000001dff26e0000 WatcherThread [stack: 0x000000be9e900000,0x000000be9ea00000] [id=2712]

VM state:not at safepoint (normal execution)

VM Mutex/Monitor currently owned by a thread:  ([mutex/lock_event])
[0x000001dfddd96dc0] SymbolTable_lock - owner thread: 0x000001dff4b10800

heap address: 0x00000000e0000000, size: 512 MB, Compressed Oops mode: 32-bit
Narrow klass base: 0x0000000000000000, Narrow klass shift: 3
Compressed class space size: 1073741824 Address: 0x0000000100000000

Heap:
 PSYoungGen      total 38400K, used 9721K [0x00000000f5580000, 0x00000000fa080000, 0x0000000100000000)
  eden space 33280K, 13% used [0x00000000f5580000,0x00000000f5a005f8,0x00000000f7600000)
  from space 5120K, 99% used [0x00000000f7600000,0x00000000f7afe030,0x00000000f7b00000)
  to   space 5120K, 0% used [0x00000000f7b00000,0x00000000f7b00000,0x00000000f8000000)
 ParOldGen       total 87552K, used 7604K [0x00000000e0000000, 0x00000000e5580000, 0x00000000f5580000)
  object space 87552K, 8% used [0x00000000e0000000,0x00000000e076d318,0x00000000e5580000)
 Metaspace       used 18649K, capacity 19376K, committed 19456K, reserved 1067008K
  class space    used 2612K, capacity 2804K, committed 2816K, reserved 1048576K

Card table byte_map: [0x000001dfeebd0000,0x000001dfeece0000] byte_map_base: 0x000001dfee4d0000

Marking Bits: (ParMarkBitMap*) 0x0000000062454fb0
 Begin Bits: [0x000001dfeed90000, 0x000001dfef590000)
 End Bits:   [0x000001dfef590000, 0x000001dfefd90000)

Polling page: 0x000001dfddfa0000

CodeCache: size=245760Kb used=5726Kb max_used=5726Kb free=240033Kb
 bounds [0x000001dfdf810000, 0x000001dfdfdb0000, 0x000001dfee810000]
 total_blobs=2070 nmethods=1657 adapters=325
 compilation: enabled

Compilation events (10 events):
Event: 2.617 Thread 0x000001dff0921800 1576   !   4       java.util.concurrent.ConcurrentHashMap::putVal (362 bytes)
Event: 2.620 Thread 0x000001dff2640800 1577       3       java.lang.invoke.MethodTypeForm::cachedLambdaForm (44 bytes)
Event: 2.621 Thread 0x000001dff2640800 nmethod 1577 0x000001dfdfd81290 code [0x000001dfdfd81420, 0x000001dfdfd81878]
Event: 2.632 Thread 0x000001dff0921800 nmethod 1576 0x000001dfdfd7e350 code [0x000001dfdfd7e500, 0x000001dfdfd7f2d0]
Event: 2.632 Thread 0x000001dff2640800 1578       3       java.lang.StringBuilder::append (10 bytes)
Event: 2.632 Thread 0x000001dff2640800 nmethod 1578 0x000001dfdfd7df90 code [0x000001dfdfd7e100, 0x000001dfdfd7e290]
Event: 2.632 Thread 0x000001dff2640800 1579       1       com.google.common.io.LineReader::access$000 (5 bytes)
Event: 2.632 Thread 0x000001dff2640800 nmethod 1579 0x000001dfdfd80fd0 code [0x000001dfdfd81120, 0x000001dfdfd81218]
Event: 2.632 Thread 0x000001dff2640800 1580       3       java.net.URLConnection::<init> (44 bytes)
Event: 2.632 Thread 0x000001dff2640800 nmethod 1580 0x000001dfdfd80b90 code [0x000001dfdfd80d00, 0x000001dfdfd80f18]

GC Heap History (8 events):
Event: 0.785 GC heap before
{Heap before GC invocations=1 (full 0):
 PSYoungGen      total 38400K, used 33280K [0x00000000f5580000, 0x00000000f8000000, 0x0000000100000000)
  eden space 33280K, 100% used [0x00000000f5580000,0x00000000f7600000,0x00000000f7600000)
  from space 5120K, 0% used [0x00000000f7b00000,0x00000000f7b00000,0x00000000f8000000)
  to   space 5120K, 0% used [0x00000000f7600000,0x00000000f7600000,0x00000000f7b00000)
 ParOldGen       total 87552K, used 0K [0x00000000e0000000, 0x00000000e5580000, 0x00000000f5580000)
  object space 87552K, 0% used [0x00000000e0000000,0x00000000e0000000,0x00000000e5580000)
 Metaspace       used 7567K, capacity 7848K, committed 8064K, reserved 1056768K
  class space    used 956K, capacity 1039K, committed 1152K, reserved 1048576K
Event: 0.792 GC heap after
Heap after GC invocations=1 (full 0):
 PSYoungGen      total 38400K, used 4936K [0x00000000f5580000, 0x00000000f8000000, 0x0000000100000000)
  eden space 33280K, 0% used [0x00000000f5580000,0x00000000f5580000,0x00000000f7600000)
  from space 5120K, 96% used [0x00000000f7600000,0x00000000f7ad23c8,0x00000000f7b00000)
  to   space 5120K, 0% used [0x00000000f7b00000,0x00000000f7b00000,0x00000000f8000000)
 ParOldGen       total 87552K, used 16K [0x00000000e0000000, 0x00000000e5580000, 0x00000000f5580000)
  object space 87552K, 0% used [0x00000000e0000000,0x00000000e0004000,0x00000000e5580000)
 Metaspace       used 7567K, capacity 7848K, committed 8064K, reserved 1056768K
  class space    used 956K, capacity 1039K, committed 1152K, reserved 1048576K
}
Event: 1.024 GC heap before
{Heap before GC invocations=2 (full 0):
 PSYoungGen      total 38400K, used 38216K [0x00000000f5580000, 0x00000000f8000000, 0x0000000100000000)
  eden space 33280K, 100% used [0x00000000f5580000,0x00000000f7600000,0x00000000f7600000)
  from space 5120K, 96% used [0x00000000f7600000,0x00000000f7ad23c8,0x00000000f7b00000)
  to   space 5120K, 0% used [0x00000000f7b00000,0x00000000f7b00000,0x00000000f8000000)
 ParOldGen       total 87552K, used 16K [0x00000000e0000000, 0x00000000e5580000, 0x00000000f5580000)
  object space 87552K, 0% used [0x00000000e0000000,0x00000000e0004000,0x00000000e5580000)
 Metaspace       used 7834K, capacity 8160K, committed 8320K, reserved 1056768K
  class space    used 991K, capacity 1079K, committed 1152K, reserved 1048576K
Event: 1.027 GC heap after
Heap after GC invocations=2 (full 0):
 PSYoungGen      total 38400K, used 3785K [0x00000000f5580000, 0x00000000f8000000, 0x0000000100000000)
  eden space 33280K, 0% used [0x00000000f5580000,0x00000000f5580000,0x00000000f7600000)
  from space 5120K, 73% used [0x00000000f7b00000,0x00000000f7eb2608,0x00000000f8000000)
  to   space 5120K, 0% used [0x00000000f7600000,0x00000000f7600000,0x00000000f7b00000)
 ParOldGen       total 87552K, used 24K [0x00000000e0000000, 0x00000000e5580000, 0x00000000f5580000)
  object space 87552K, 0% used [0x00000000e0000000,0x00000000e0006000,0x00000000e5580000)
 Metaspace       used 7834K, capacity 8160K, committed 8320K, reserved 1056768K
  class space    used 991K, capacity 1079K, committed 1152K, reserved 1048576K
}
Event: 2.122 GC heap before
{Heap before GC invocations=3 (full 0):
 PSYoungGen      total 38400K, used 37065K [0x00000000f5580000, 0x00000000f8000000, 0x0000000100000000)
  eden space 33280K, 100% used [0x00000000f5580000,0x00000000f7600000,0x00000000f7600000)
  from space 5120K, 73% used [0x00000000f7b00000,0x00000000f7eb2608,0x00000000f8000000)
  to   space 5120K, 0% used [0x00000000f7600000,0x00000000f7600000,0x00000000f7b00000)
 ParOldGen       total 87552K, used 24K [0x00000000e0000000, 0x00000000e5580000, 0x00000000f5580000)
  object space 87552K, 0% used [0x00000000e0000000,0x00000000e0006000,0x00000000e5580000)
 Metaspace       used 12470K, capacity 12870K, committed 13184K, reserved 1060864K
  class space    used 1706K, capacity 1825K, committed 1920K, reserved 1048576K
Event: 2.128 GC heap after
Heap after GC invocations=3 (full 0):
 PSYoungGen      total 38400K, used 5112K [0x00000000f5580000, 0x00000000f8000000, 0x0000000100000000)
  eden space 33280K, 0% used [0x00000000f5580000,0x00000000f5580000,0x00000000f7600000)
  from space 5120K, 99% used [0x00000000f7600000,0x00000000f7afe010,0x00000000f7b00000)
  to   space 5120K, 0% used [0x00000000f7b00000,0x00000000f7b00000,0x00000000f8000000)
 ParOldGen       total 87552K, used 1649K [0x00000000e0000000, 0x00000000e5580000, 0x00000000f5580000)
  object space 87552K, 1% used [0x00000000e0000000,0x00000000e019c5f0,0x00000000e5580000)
 Metaspace       used 12470K, capacity 12870K, committed 13184K, reserved 1060864K
  class space    used 1706K, capacity 1825K, committed 1920K, reserved 1048576K
}
Event: 2.402 GC heap before
{Heap before GC invocations=4 (full 0):
 PSYoungGen      total 38400K, used 38392K [0x00000000f5580000, 0x00000000f8000000, 0x0000000100000000)
  eden space 33280K, 100% used [0x00000000f5580000,0x00000000f7600000,0x00000000f7600000)
  from space 5120K, 99% used [0x00000000f7600000,0x00000000f7afe010,0x00000000f7b00000)
  to   space 5120K, 0% used [0x00000000f7b00000,0x00000000f7b00000,0x00000000f8000000)
 ParOldGen       total 87552K, used 1649K [0x00000000e0000000, 0x00000000e5580000, 0x00000000f5580000)
  object space 87552K, 1% used [0x00000000e0000000,0x00000000e019c5f0,0x00000000e5580000)
 Metaspace       used 15906K, capacity 16538K, committed 16640K, reserved 1062912K
  class space    used 2134K, capacity 2295K, committed 2304K, reserved 1048576K
Event: 2.410 GC heap after
Heap after GC invocations=4 (full 0):
 PSYoungGen      total 38400K, used 5096K [0x00000000f5580000, 0x00000000fa080000, 0x0000000100000000)
  eden space 33280K, 0% used [0x00000000f5580000,0x00000000f5580000,0x00000000f7600000)
  from space 5120K, 99% used [0x00000000f7b00000,0x00000000f7ffa040,0x00000000f8000000)
  to   space 5120K, 0% used [0x00000000f7600000,0x00000000f7600000,0x00000000f7b00000)
 ParOldGen       total 87552K, used 4442K [0x00000000e0000000, 0x00000000e5580000, 0x00000000f5580000)
  object space 87552K, 5% used [0x00000000e0000000,0x00000000e04568a0,0x00000000e5580000)
 Metaspace       used 15906K, capacity 16538K, committed 16640K, reserved 1062912K
  class space    used 2134K, capacity 2295K, committed 2304K, reserved 1048576K
}

Deoptimization events (10 events):
Event: 2.291 Thread 0x000001dff4b10800 Uncommon trap: reason=class_check action=maybe_recompile pc=0x000001dfdfb41258 method=java.util.regex.Matcher.match(II)Z @ 86
Event: 2.291 Thread 0x000001dff4b10800 Uncommon trap: reason=class_check action=maybe_recompile pc=0x000001dfdfb41258 method=java.util.regex.Matcher.match(II)Z @ 86
Event: 2.291 Thread 0x000001dff4b10800 Uncommon trap: reason=class_check action=maybe_recompile pc=0x000001dfdf9ca60c method=java.util.regex.Matcher.match(II)Z @ 86
Event: 2.375 Thread 0x000001dff4b10800 Uncommon trap: reason=unstable_if action=reinterpret pc=0x000001dfdfb46ea4 method=java.io.File.getName()Ljava/lang/String; @ 16
Event: 2.375 Thread 0x000001dff4b10800 Uncommon trap: reason=unstable_if action=reinterpret pc=0x000001dfdfb349dc method=java.lang.String.substring(I)Ljava/lang/String; @ 35
Event: 2.587 Thread 0x000001dff4b10800 Uncommon trap: reason=unstable_if action=reinterpret pc=0x000001dfdfb388f0 method=java.util.LinkedHashMap.afterNodeInsertion(Z)V @ 1
Event: 2.587 Thread 0x000001dff4b10800 Uncommon trap: reason=unstable_if action=reinterpret pc=0x000001dfdfa87884 method=java.util.HashMap.getNode(ILjava/lang/Object;)Ljava/util/HashMap$Node; @ 129
Event: 2.587 Thread 0x000001dff4b10800 Uncommon trap: reason=bimorphic action=maybe_recompile pc=0x000001dfdfcd52bc method=java.util.HashMap.putVal(ILjava/lang/Object;Ljava/lang/Object;ZZ)Ljava/lang/Object; @ 203
Event: 2.590 Thread 0x000001dff4b10800 Uncommon trap: reason=unstable_if action=reinterpret pc=0x000001dfdfa7f810 method=java.util.HashMap.getNode(ILjava/lang/Object;)Ljava/util/HashMap$Node; @ 129
Event: 2.590 Thread 0x000001dff4b10800 Uncommon trap: reason=bimorphic action=maybe_recompile pc=0x000001dfdfcd52bc method=java.util.HashMap.putVal(ILjava/lang/Object;Ljava/lang/Object;ZZ)Ljava/lang/Object; @ 203

Classes redefined (0 events):
No events

Internal exceptions (10 events):
Event: 2.066 Thread 0x000001dff4af8000 Exception <a 'java/lang/NoSuchMethodError': <clinit>> (0x00000000f720c168) thrown at [C:\jenkins\workspace\8-2-build-windows-amd64-cygwin\jdk8u261\295\hotspot\src\share\vm\prims\jni.cpp, line 1615]
Event: 2.067 Thread 0x000001dff4af8000 Exception <a 'java/lang/NoSuchMethodError': <clinit>> (0x00000000f7220750) thrown at [C:\jenkins\workspace\8-2-build-windows-amd64-cygwin\jdk8u261\295\hotspot\src\share\vm\prims\jni.cpp, line 1615]
Event: 2.073 Thread 0x000001dff4af8000 Exception <a 'java/lang/NoSuchMethodError': <clinit>> (0x00000000f728d740) thrown at [C:\jenkins\workspace\8-2-build-windows-amd64-cygwin\jdk8u261\295\hotspot\src\share\vm\prims\jni.cpp, line 1615]
Event: 2.080 Thread 0x000001dff4af8000 Exception <a 'java/lang/NoSuchMethodError': <clinit>> (0x00000000f72c7c40) thrown at [C:\jenkins\workspace\8-2-build-windows-amd64-cygwin\jdk8u261\295\hotspot\src\share\vm\prims\jni.cpp, line 1615]
Event: 2.085 Thread 0x000001dff4af8000 Exception <a 'java/lang/NoSuchMethodError': <clinit>> (0x00000000f72fd788) thrown at [C:\jenkins\workspace\8-2-build-windows-amd64-cygwin\jdk8u261\295\hotspot\src\share\vm\prims\jni.cpp, line 1615]
Event: 2.086 Thread 0x000001dff4af8000 Exception <a 'java/lang/NoSuchMethodError': <clinit>> (0x00000000f7309d00) thrown at [C:\jenkins\workspace\8-2-build-windows-amd64-cygwin\jdk8u261\295\hotspot\src\share\vm\prims\jni.cpp, line 1615]
Event: 2.415 Thread 0x000001dff4b10800 Exception <a 'java/lang/NoSuchMethodError': java.lang.Object.lambda$and$0(Ljava/util/function/Predicate;Ljava/lang/Object;)Z> (0x00000000f55d07b8) thrown at [C:\jenkins\workspace\8-2-build-windows-amd64-cygwin\jdk8u261\295\hotspot\src\share\vm\interpreter
Event: 2.419 Thread 0x000001dff4b10800 Exception <a 'java/lang/IncompatibleClassChangeError': Found class java.lang.Object, but interface was expected> (0x00000000f55e0b10) thrown at [C:\jenkins\workspace\8-2-build-windows-amd64-cygwin\jdk8u261\295\hotspot\src\share\vm\interpreter\linkResolver
Event: 2.420 Thread 0x000001dff4b10800 Exception <a 'java/lang/NoSuchMethodError': java.lang.Object.lambda$or$2(Ljava/util/function/Predicate;Ljava/lang/Object;)Z> (0x00000000f55e5660) thrown at [C:\jenkins\workspace\8-2-build-windows-amd64-cygwin\jdk8u261\295\hotspot\src\share\vm\interpreter\
Event: 2.620 Thread 0x000001dff4b10800 Exception <a 'java/lang/NoSuchMethodError': java.lang.Object.lambda$static$0(Lorg/gradle/internal/state/ModelObject;)Ljava/lang/String;> (0x00000000f6df47b8) thrown at [C:\jenkins\workspace\8-2-build-windows-amd64-cygwin\jdk8u261\295\hotspot\src\share\vm\

Events (10 events):
Event: 2.631 loading class com/google/common/io/LineReader
Event: 2.631 loading class com/google/common/io/LineReader done
Event: 2.631 loading class com/google/common/io/LineBuffer
Event: 2.631 loading class com/google/common/io/LineBuffer done
Event: 2.631 loading class com/google/common/io/LineReader$1
Event: 2.631 loading class com/google/common/io/LineReader$1 done
Event: 2.632 loading class org/gradle/configuration/DefaultImportsReader$2
Event: 2.632 loading class org/gradle/configuration/DefaultImportsReader$2 done
Event: 2.633 loading class com/google/common/base/Splitter
Event: 2.633 loading class com/google/common/base/Splitter done


Dynamic libraries:
0x00007ff6483c0000 - 0x00007ff648407000 	D:\Program Files\Java\jdk1.8.0_261\bin\java.exe
0x00007ffc2f290000 - 0x00007ffc2f486000 	C:\WINDOWS\SYSTEM32\ntdll.dll
0x00007ffc2d720000 - 0x00007ffc2d7dd000 	C:\WINDOWS\System32\KERNEL32.DLL
0x00007ffc2ca60000 - 0x00007ffc2cd28000 	C:\WINDOWS\System32\KERNELBASE.dll
0x00007ffc2e830000 - 0x00007ffc2e8da000 	C:\WINDOWS\System32\ADVAPI32.dll
0x00007ffc2e440000 - 0x00007ffc2e4de000 	C:\WINDOWS\System32\msvcrt.dll
0x00007ffc2e970000 - 0x00007ffc2ea0b000 	C:\WINDOWS\System32\sechost.dll
0x00007ffc2e310000 - 0x00007ffc2e434000 	C:\WINDOWS\System32\RPCRT4.dll
0x00007ffc2d7e0000 - 0x00007ffc2d980000 	C:\WINDOWS\System32\USER32.dll
0x00007ffc2ca30000 - 0x00007ffc2ca52000 	C:\WINDOWS\System32\win32u.dll
0x00007ffc2d670000 - 0x00007ffc2d69a000 	C:\WINDOWS\System32\GDI32.dll
0x00007ffc2cd30000 - 0x00007ffc2ce39000 	C:\WINDOWS\System32\gdi32full.dll
0x00007ffc2cfd0000 - 0x00007ffc2d06d000 	C:\WINDOWS\System32\msvcp_win.dll
0x00007ffc2d0d0000 - 0x00007ffc2d1d0000 	C:\WINDOWS\System32\ucrtbase.dll
0x00007ffc0e000000 - 0x00007ffc0e29b000 	C:\WINDOWS\WinSxS\amd64_microsoft.windows.common-controls_6595b64144ccf1df_6.0.19041.488_none_ca04af081b815d21\COMCTL32.dll
0x00007ffc2e8e0000 - 0x00007ffc2e910000 	C:\WINDOWS\System32\IMM32.DLL
0x00007ffbfd7a0000 - 0x00007ffbfd7b5000 	D:\Program Files\Java\jdk1.8.0_261\jre\bin\vcruntime140.dll
0x00007ffbec1f0000 - 0x00007ffbec28b000 	D:\Program Files\Java\jdk1.8.0_261\jre\bin\msvcp140.dll
0x0000000061c60000 - 0x00000000624cc000 	D:\Program Files\Java\jdk1.8.0_261\jre\bin\server\jvm.dll
0x00007ffc2d300000 - 0x00007ffc2d308000 	C:\WINDOWS\System32\PSAPI.DLL
0x00007ffc1f530000 - 0x00007ffc1f53a000 	C:\WINDOWS\SYSTEM32\VERSION.dll
0x00007ffc1d2e0000 - 0x00007ffc1d307000 	C:\WINDOWS\SYSTEM32\WINMM.dll
0x00007ffc28650000 - 0x00007ffc28659000 	C:\WINDOWS\SYSTEM32\WSOCK32.dll
0x00007ffc2e4f0000 - 0x00007ffc2e55b000 	C:\WINDOWS\System32\WS2_32.dll
0x00007ffc2a930000 - 0x00007ffc2a942000 	C:\WINDOWS\SYSTEM32\kernel.appcore.dll
0x00007ffc186a0000 - 0x00007ffc186b0000 	D:\Program Files\Java\jdk1.8.0_261\jre\bin\verify.dll
0x00007ffbf9570000 - 0x00007ffbf959b000 	D:\Program Files\Java\jdk1.8.0_261\jre\bin\java.dll
0x00007ffbf9730000 - 0x00007ffbf9748000 	D:\Program Files\Java\jdk1.8.0_261\jre\bin\zip.dll
0x00007ffc2dbd0000 - 0x00007ffc2e310000 	C:\WINDOWS\System32\SHELL32.dll
0x00007ffc2ab30000 - 0x00007ffc2b2c4000 	C:\WINDOWS\SYSTEM32\windows.storage.dll
0x00007ffc2d310000 - 0x00007ffc2d665000 	C:\WINDOWS\System32\combase.dll
0x00007ffc2c450000 - 0x00007ffc2c47c000 	C:\WINDOWS\SYSTEM32\Wldp.dll
0x00007ffc2db20000 - 0x00007ffc2dbce000 	C:\WINDOWS\System32\SHCORE.dll
0x00007ffc2ebc0000 - 0x00007ffc2ec15000 	C:\WINDOWS\System32\shlwapi.dll
0x00007ffc2c910000 - 0x00007ffc2c936000 	C:\WINDOWS\SYSTEM32\profapi.dll
0x00007ffbf9550000 - 0x00007ffbf956c000 	D:\Program Files\Java\jdk1.8.0_261\jre\bin\net.dll
0x00007ffbfbf00000 - 0x00007ffbfbffa000 	C:\Windows\Netease\Booster\lsp64.dll
0x00007ffc2ce40000 - 0x00007ffc2cf9d000 	C:\WINDOWS\System32\CRYPT32.dll
0x00007ffc1b0a0000 - 0x00007ffc1b284000 	C:\WINDOWS\SYSTEM32\dbghelp.dll
0x00007ffc2be70000 - 0x00007ffc2beab000 	C:\WINDOWS\SYSTEM32\IPHLPAPI.DLL
0x00007ffc2c1d0000 - 0x00007ffc2c23a000 	C:\WINDOWS\system32\mswsock.dll
0x00007ffc2d070000 - 0x00007ffc2d0d0000 	C:\WINDOWS\System32\WINTRUST.DLL
0x00007ffc2c5d0000 - 0x00007ffc2c5e2000 	C:\WINDOWS\SYSTEM32\MSASN1.dll
0x00007ffc2e690000 - 0x00007ffc2e6ad000 	C:\WINDOWS\System32\imagehlp.dll
0x00007ffc2c3a0000 - 0x00007ffc2c3b8000 	C:\WINDOWS\SYSTEM32\CRYPTSP.dll
0x00007ffc2baf0000 - 0x00007ffc2bb24000 	C:\WINDOWS\system32\rsaenh.dll
0x00007ffc2cfa0000 - 0x00007ffc2cfc7000 	C:\WINDOWS\System32\bcrypt.dll
0x00007ffc2c3c0000 - 0x00007ffc2c3cc000 	C:\WINDOWS\SYSTEM32\CRYPTBASE.dll
0x00007ffc2d280000 - 0x00007ffc2d2ff000 	C:\WINDOWS\System32\bcryptPrimitives.dll
0x00007ffbf90b0000 - 0x00007ffbf90c3000 	D:\Program Files\Java\jdk1.8.0_261\jre\bin\nio.dll
0x00007ffc21c20000 - 0x00007ffc21c47000 	C:\Users\alex\.gradle\native\f6784746aeab05261644944871eae4fe03e0ef1612fff0a4a95f87b438bc6780\windows-amd64\native-platform.dll
0x00007ffc17c30000 - 0x00007ffc17c3d000 	D:\Program Files\Java\jdk1.8.0_261\jre\bin\management.dll
0x00007ffc2c8d0000 - 0x00007ffc2c8fe000 	C:\WINDOWS\SYSTEM32\USERENV.dll
0x00007ffc2d980000 - 0x00007ffc2d989000 	C:\WINDOWS\System32\NSI.dll
0x00007ffc252f0000 - 0x00007ffc25307000 	C:\WINDOWS\SYSTEM32\dhcpcsvc6.DLL
0x00007ffc25270000 - 0x00007ffc2528d000 	C:\WINDOWS\SYSTEM32\dhcpcsvc.DLL
0x00007ffc2beb0000 - 0x00007ffc2bf7b000 	C:\WINDOWS\SYSTEM32\DNSAPI.dll
0x00007ffc25210000 - 0x00007ffc2521b000 	C:\WINDOWS\SYSTEM32\WINNSI.DLL

VM Arguments:
jvm_args: -Xmx512m -Dfile.encoding=UTF-8 -Duser.country=CN -Duser.language=zh -Duser.variant 
java_command: org.gradle.launcher.daemon.bootstrap.GradleDaemon 6.5
java_class_path (initial): C:\Users\alex\.gradle\wrapper\dists\gradle-6.5-bin\6nifqtx7604sqp1q6g8wikw7p\gradle-6.5\lib\gradle-launcher-6.5.jar
Launcher Type: SUN_STANDARD

Environment Variables:
JAVA_HOME=D:\Program Files\Java\jdk1.8.0_261
CLASSPATH=.;F:\alexjava;F:\apache-tomcat-9.0.38\lib\servlet-api.jar;
USERNAME=Kanfeer
OS=Windows_NT
PROCESSOR_IDENTIFIER=Intel64 Family 6 Model 158 Stepping 9, GenuineIntel



---------------  S Y S T E M  ---------------

OS: Windows 10.0 , 64 bit Build 19041 (10.0.19041.546)

CPU:total 8 (initial active 8) (4 cores per cpu, 2 threads per core) family 6 model 158 stepping 9, cmov, cx8, fxsr, mmx, sse, sse2, sse3, ssse3, sse4.1, sse4.2, popcnt, avx, avx2, aes, clmul, erms, 3dnowpref, lzcnt, ht, tsc, tscinvbit, bmi1, bmi2, adx

Memory: 4k page, physical 8270004k(2138556k free), swap 8270004k(5732k free)

vm_info: Java HotSpot(TM) 64-Bit Server VM (25.261-b12) for windows-amd64 JRE (1.8.0_261-b12), built on Jun 18 2020 06:56:32 by "" with unknown MS VC++:1916

time: Sun Oct 18 22:03:05 2020
timezone: 中国标准时间
elapsed time: 2 seconds (0d 0h 0m 2s)

